<?xml version="1.0" encoding="UTF-8"?>
<testsuite xmlns:xsi="http://www.w3.org/2001/XMLSchema-instance" xsi:noNamespaceSchemaLocation="https://maven.apache.org/surefire/maven-surefire-plugin/xsd/surefire-test-report.xsd" version="3.0.2" name="com.recrutech.common.util.EntityValidatorTest" time="0.05" tests="7" errors="0" skipped="0" failures="0">
  <properties>
[...]
</properties>
  <testcase name="requireNonNull_WithNullObject_ShouldThrowValidationException" classname="com.recrutech.common.util.EntityValidatorTest" time="0.009"/>
  <testcase name="validateId_WithValidIdAndUuidValidation_ShouldNotThrowException" classname="com.recrutech.common.util.EntityValidatorTest" time="0.006"/>
  <testcase name="validateId_WithValidId_ShouldNotThrowException" classname="com.recrutech.common.util.EntityValidatorTest" time="0.003"/>
  <testcase name="validateId_WithEmptyId_ShouldThrowValidationException" classname="com.recrutech.common.util.EntityValidatorTest" time="0.003"/>
  <testcase name="validateId_WithNullId_ShouldThrowValidationException" classname="com.recrutech.common.util.EntityValidatorTest" time="0.006"/>
  <testcase name="requireNonNull_WithNonNullObject_ShouldNotThrowException" classname="com.recrutech.common.util.EntityValidatorTest" time="0.003"/>
  <testcase name="validateId_WithInvalidIdAndUuidValidation_ShouldThrowValidationException" classname="com.recrutech.common.util.EntityValidatorTest" time="0.004"/>
</testsuite>